Arguments: 
  /usr/local/Cellar/node/10.11.0/bin/node /usr/local/bin/yarn run start

PATH: 
  /Users/abeniasaad/Library/Android/sdk/platform-tools/:/Users/abeniasaad/.bin/openwhisk:/Users/abeniasaad/Library/Python/3.6/bin/:/Library/Frameworks/Python.framework/Versions/3.6/bin:/usr/local/bin:/usr/bin:/bin:/usr/sbin:/sbin:/Users/abeniasaad/Library/Android/sdk/platform-tools/:/Users/abeniasaad/.bin/openwhisk:/Users/abeniasaad/Library/Python/3.6/bin/:/Library/Frameworks/Python.framework/Versions/3.6/bin

Yarn version: 
  1.12.3

Node version: 
  10.11.0

Platform: 
  darwin x64

Trace: 
  SyntaxError: /Users/abeniasaad/IdeaProjects/rmf-codegen/typescript_client/package.json: Unexpected token } in JSON at position 375
      at JSON.parse (<anonymous>)
      at /usr/local/lib/node_modules/yarn/lib/cli.js:1631:59
      at Generator.next (<anonymous>)
      at step (/usr/local/lib/node_modules/yarn/lib/cli.js:304:30)
      at /usr/local/lib/node_modules/yarn/lib/cli.js:315:13

npm manifest: 
  {
    "name": "typescript-sdk",
    "version": "0.0.1",
    "license": "MIT",
    "scripts": {
      "build": "tsc",
      "start":"node ./dist/old_lib.js"
    },
    "dependencies": {
      "@commercetools/sdk-client": "^2.1.0",
      "@commercetools/sdk-middleware-auth": "^5.1.1",
      "@commercetools/sdk-middleware-http": "^5.2.0"
    },
    "devDependencies": {
      "node-fetch": "^2.6.0"
    },
  }

yarn manifest: 
  No manifest

Lockfile: 
  # THIS IS AN AUTOGENERATED FILE. DO NOT EDIT THIS FILE DIRECTLY.
  # yarn lockfile v1
  
  
  "@commercetools/sdk-client@^2.1.0":
    version "2.1.0"
    resolved "https://registry.yarnpkg.com/@commercetools/sdk-client/-/sdk-client-2.1.0.tgz#232b4bcd1b835df571dbecf9a95599387f8d7071"
    integrity sha512-JyvKlx6kC+6zw2Inr8l471sVvY0x0KolcgGEvq4ALJl1/5cbYomtKqak0wjBuan+JNcGozPttaD9RCygJObm9w==
  
  "@commercetools/sdk-middleware-auth@^5.1.1":
    version "5.1.1"
    resolved "https://registry.yarnpkg.com/@commercetools/sdk-middleware-auth/-/sdk-middleware-auth-5.1.1.tgz#44eaf45a7fcf98b58cf3fa54123b61241d36fd37"
    integrity sha512-y0Dt6mimgYhoei/YFFgnLFhWkMseE/zsCpfKzcEo0R4PEPExpIvWQTWt6KY991/RbGh73jO5RVTUTxHEXNhRbQ==
    dependencies:
      node-fetch "^2.3.0"
  
  "@commercetools/sdk-middleware-http@^5.2.0":
    version "5.2.0"
    resolved "https://registry.yarnpkg.com/@commercetools/sdk-middleware-http/-/sdk-middleware-http-5.2.0.tgz#6cf8bc9d9760db9590cb10949658ef688605d1ab"
    integrity sha512-JsE1A3JX5BsBra9kE3+Dy067o6m1uv+URWO2zHc9s2d4YfGJg9SQscfhPKMn7SujdGWrOA6x+H/vZ+QxOZJ+hg==
  
  node-fetch@^2.3.0, node-fetch@^2.6.0:
    version "2.6.0"
    resolved "https://registry.yarnpkg.com/node-fetch/-/node-fetch-2.6.0.tgz#e633456386d4aa55863f676a7ab0daa8fdecb0fd"
    integrity sha512-8dG4H5ujfvFiqDmVu9fQ5bOHUC15JMjMY/Zumv26oOvvVJjM67KF8koCWIabKQ1GJIa9r2mMZscBq/TbdOcmNA==
